
Showing logs for build [32mcb-kubecd-environment-pr-190-1-78jsh-1[0m stage [32mfrom-build-pack[0m and container [32mstep-credential-initializer-gnblw[0m
{"level":"warn","ts":1585235646.5557227,"logger":"fallback-logger","caller":"logging/config.go:69","msg":"Fetch GitHub commit ID from kodata failed: \"ref: refs/heads/0.8.0-**-support-backwards-incompats\" is not a valid GitHub commit ID"}
{"level":"info","ts":1585235646.556393,"logger":"fallback-logger","caller":"creds-init/main.go:40","msg":"Credentials initialized."}

Showing logs for build [32mcb-kubecd-environment-pr-190-1-78jsh-1[0m stage [32mfrom-build-pack[0m and container [32mstep-working-dir-initializer-9tc5r[0m
{"level":"warn","ts":1585235647.6055882,"logger":"fallback-logger","caller":"logging/config.go:69","msg":"Fetch GitHub commit ID from kodata failed: open /var/run/ko/HEAD: no such file or directory"}
{"level":"info","ts":1585235647.6077223,"logger":"fallback-logger","caller":"bash/main.go:64","msg":"Successfully executed command \"sh -c mkdir -p /workspace/source\"; output "}

Showing logs for build [32mcb-kubecd-environment-pr-190-1-78jsh-1[0m stage [32mfrom-build-pack[0m and container [32mstep-place-tools[0m

Showing logs for build [32mcb-kubecd-environment-pr-190-1-78jsh-1[0m stage [32mfrom-build-pack[0m and container [32mstep-git-source-cb-kubecd-environment-pr-190-1-78jsh-hlmxj[0m
{"level":"warn","ts":1585235651.7728004,"logger":"fallback-logger","caller":"logging/config.go:69","msg":"Fetch GitHub commit ID from kodata failed: \"ref: refs/heads/0.8.0-**-support-backwards-incompats\" is not a valid GitHub commit ID"}
{"level":"info","ts":1585235652.860554,"logger":"fallback-logger","caller":"git/git.go:103","msg":"Successfully cloned https://github.com/cb-kubecd/environment-pr-190-1-boot-gke-staging.git @ master in path /workspace/source"}

Showing logs for build [32mcb-kubecd-environment-pr-190-1-78jsh-1[0m stage [32mfrom-build-pack[0m and container [32mstep-git-merge[0m
Using SHAs from PULL_REFS=master:5f97815ccd790ff76cae5d17e6550bc410be10d3,4:a83b41b99b698b58d6bb43b0f40dc0a0ab743054
DEBUG: JX_LOG_LEVEL=error LC_ALL=C git fetch origin --unshallow a83b41b99b698b58d6bb43b0f40dc0a0ab743054: 5f97815ccd790ff76cae5d17e6550bc410be10d3:
DEBUG: ran git fetch --unshallow origin a83b41b99b698b58d6bb43b0f40dc0a0ab743054: 5f97815ccd790ff76cae5d17e6550bc410be10d3: in 
DEBUG: LC_ALL=C JX_LOG_LEVEL=error git branch
DEBUG: LC_ALL=C JX_LOG_LEVEL=error git checkout master
DEBUG: ran git checkout master in 
DEBUG: LC_ALL=C JX_LOG_LEVEL=error git reset --hard 5f97815ccd790ff76cae5d17e6550bc410be10d3
DEBUG: ran git reset --hard 5f97815ccd790ff76cae5d17e6550bc410be10d3 in 
DEBUG: LC_ALL=C JX_LOG_LEVEL=error git clean -fd .
DEBUG: ran clean --force -d . in 
DEBUG: LC_ALL=C JX_LOG_LEVEL=error git merge a83b41b99b698b58d6bb43b0f40dc0a0ab743054
DEBUG: ran git merge a83b41b99b698b58d6bb43b0f40dc0a0ab743054 in 
DEBUG: LC_ALL=C JX_LOG_LEVEL=error git log --format=%H%x1f%an%x1f%ae%x1f%cn%x1f%ce%x1f%s%n%b%x1e 5f97815ccd790ff76cae5d17e6550bc410be10d3..HEAD
Merged SHA a83b41b99b698b58d6bb43b0f40dc0a0ab743054 with commit message 'chore: Promote bdd-nh-1585233872 to version 0.0.1' into base branch master

Showing logs for build [32mcb-kubecd-environment-pr-190-1-78jsh-1[0m stage [32mfrom-build-pack[0m and container [32mstep-build-helm-build[0m
WARNING: No $CHART_REPOSITORY defined so using the default value of: http://jenkins-x-chartmuseum:8080
Adding missing Helm repo: storage.googleapis.com https://storage.googleapis.com/chartmuseum.jenkins-x.io
WARNING: No secrets found on "helm/repos" due: reading the secret "helm/repos" from vault: no secret "helm/repos" not found in vault
Read credentials for https://storage.googleapis.com/chartmuseum.jenkins-x.io from vault helm/repos
Successfully added Helm repository storage.googleapis.com.
Adding missing Helm repo: jenkins-x-chartmuseum http://jenkins-x-chartmuseum:8080
WARNING: No secrets found on "helm/repos" due: reading the secret "helm/repos" from vault: no secret "helm/repos" not found in vault
Read credentials for http://jenkins-x-chartmuseum:8080 from vault helm/repos
Successfully added Helm repository jenkins-x-chartmuseum.
WARNING: No $CHART_REPOSITORY defined so using the default value of: http://jenkins-x-chartmuseum:8080
Adding missing Helm repo: chartmuseum.jenkins-x.io http://chartmuseum.jenkins-x.io
WARNING: No secrets found on "helm/repos" due: reading the secret "helm/repos" from vault: no secret "helm/repos" not found in vault
Read credentials for http://chartmuseum.jenkins-x.io from vault helm/repos
Successfully added Helm repository chartmuseum.jenkins-x.io.
