
Showing logs for build [32mcb-kubecd-environment-pr-190-1-zlf9t-1[0m stage [32mfrom-build-pack[0m and container [32mstep-credential-initializer-qhxfn[0m
{"level":"warn","ts":1585234189.7014463,"logger":"fallback-logger","caller":"logging/config.go:69","msg":"Fetch GitHub commit ID from kodata failed: \"ref: refs/heads/0.8.0-**-support-backwards-incompats\" is not a valid GitHub commit ID"}
{"level":"info","ts":1585234189.7024817,"logger":"fallback-logger","caller":"creds-init/main.go:40","msg":"Credentials initialized."}

Showing logs for build [32mcb-kubecd-environment-pr-190-1-zlf9t-1[0m stage [32mfrom-build-pack[0m and container [32mstep-working-dir-initializer-2zsdw[0m
{"level":"warn","ts":1585234190.706114,"logger":"fallback-logger","caller":"logging/config.go:69","msg":"Fetch GitHub commit ID from kodata failed: open /var/run/ko/HEAD: no such file or directory"}
{"level":"info","ts":1585234190.707686,"logger":"fallback-logger","caller":"bash/main.go:64","msg":"Successfully executed command \"sh -c mkdir -p /workspace/source\"; output "}

Showing logs for build [32mcb-kubecd-environment-pr-190-1-zlf9t-1[0m stage [32mfrom-build-pack[0m and container [32mstep-place-tools[0m

Showing logs for build [32mcb-kubecd-environment-pr-190-1-zlf9t-1[0m stage [32mfrom-build-pack[0m and container [32mstep-git-source-cb-kubecd-environment-pr-190-1-zlf9t-z5xzk[0m
{"level":"warn","ts":1585234195.841397,"logger":"fallback-logger","caller":"logging/config.go:69","msg":"Fetch GitHub commit ID from kodata failed: \"ref: refs/heads/0.8.0-**-support-backwards-incompats\" is not a valid GitHub commit ID"}
{"level":"info","ts":1585234196.9494026,"logger":"fallback-logger","caller":"git/git.go:103","msg":"Successfully cloned https://github.com/cb-kubecd/environment-pr-190-1-boot-gke-staging.git @ master in path /workspace/source"}

Showing logs for build [32mcb-kubecd-environment-pr-190-1-zlf9t-1[0m stage [32mfrom-build-pack[0m and container [32mstep-git-merge[0m
Using SHAs from PULL_REFS=master:53e11a17eb5cf2da60d44747ee2fb1dd55ab2c1c,2:001b1d917b251ec2bde8da31f762667055b607eb
DEBUG: LC_ALL=C JX_LOG_LEVEL=error git fetch origin --unshallow 001b1d917b251ec2bde8da31f762667055b607eb: 53e11a17eb5cf2da60d44747ee2fb1dd55ab2c1c:
DEBUG: ran git fetch --unshallow origin 001b1d917b251ec2bde8da31f762667055b607eb: 53e11a17eb5cf2da60d44747ee2fb1dd55ab2c1c: in 
DEBUG: LC_ALL=C JX_LOG_LEVEL=error git branch
DEBUG: LC_ALL=C JX_LOG_LEVEL=error git checkout master
DEBUG: ran git checkout master in 
DEBUG: LC_ALL=C JX_LOG_LEVEL=error git reset --hard 53e11a17eb5cf2da60d44747ee2fb1dd55ab2c1c
DEBUG: ran git reset --hard 53e11a17eb5cf2da60d44747ee2fb1dd55ab2c1c in 
DEBUG: LC_ALL=C JX_LOG_LEVEL=error git clean -fd .
DEBUG: ran clean --force -d . in 
DEBUG: LC_ALL=C JX_LOG_LEVEL=error git merge 001b1d917b251ec2bde8da31f762667055b607eb
DEBUG: ran git merge 001b1d917b251ec2bde8da31f762667055b607eb in 
DEBUG: JX_LOG_LEVEL=error LC_ALL=C git log --format=%H%x1f%an%x1f%ae%x1f%cn%x1f%ce%x1f%s%n%b%x1e 53e11a17eb5cf2da60d44747ee2fb1dd55ab2c1c..HEAD
Merged SHA 001b1d917b251ec2bde8da31f762667055b607eb with commit message 'chore: Promote bdd-gh-1585233872 to version 0.0.1' into base branch master

Showing logs for build [32mcb-kubecd-environment-pr-190-1-zlf9t-1[0m stage [32mfrom-build-pack[0m and container [32mstep-build-helm-build[0m
WARNING: No $CHART_REPOSITORY defined so using the default value of: http://jenkins-x-chartmuseum:8080
Adding missing Helm repo: storage.googleapis.com https://storage.googleapis.com/chartmuseum.jenkins-x.io
WARNING: No secrets found on "helm/repos" due: reading the secret "helm/repos" from vault: no secret "helm/repos" not found in vault
Read credentials for https://storage.googleapis.com/chartmuseum.jenkins-x.io from vault helm/repos
Successfully added Helm repository storage.googleapis.com.
Adding missing Helm repo: jenkins-x-chartmuseum http://jenkins-x-chartmuseum:8080
WARNING: No secrets found on "helm/repos" due: reading the secret "helm/repos" from vault: no secret "helm/repos" not found in vault
Read credentials for http://jenkins-x-chartmuseum:8080 from vault helm/repos
Successfully added Helm repository jenkins-x-chartmuseum.
WARNING: No $CHART_REPOSITORY defined so using the default value of: http://jenkins-x-chartmuseum:8080
Adding missing Helm repo: chartmuseum.jenkins-x.io http://chartmuseum.jenkins-x.io
WARNING: No secrets found on "helm/repos" due: reading the secret "helm/repos" from vault: no secret "helm/repos" not found in vault
Read credentials for http://chartmuseum.jenkins-x.io from vault helm/repos
Successfully added Helm repository chartmuseum.jenkins-x.io.
