
Showing logs for build [32mcb-kubecd-environment-pr-190-1-4pdj7-1[0m stage [32mfrom-build-pack[0m and container [32mstep-credential-initializer-mzh8j[0m
{"level":"warn","ts":1585234900.933744,"logger":"fallback-logger","caller":"logging/config.go:69","msg":"Fetch GitHub commit ID from kodata failed: \"ref: refs/heads/0.8.0-**-support-backwards-incompats\" is not a valid GitHub commit ID"}
{"level":"info","ts":1585234900.934432,"logger":"fallback-logger","caller":"creds-init/main.go:40","msg":"Credentials initialized."}

Showing logs for build [32mcb-kubecd-environment-pr-190-1-4pdj7-1[0m stage [32mfrom-build-pack[0m and container [32mstep-working-dir-initializer-xfmhc[0m
{"level":"warn","ts":1585234902.0186048,"logger":"fallback-logger","caller":"logging/config.go:69","msg":"Fetch GitHub commit ID from kodata failed: open /var/run/ko/HEAD: no such file or directory"}
{"level":"info","ts":1585234902.0214276,"logger":"fallback-logger","caller":"bash/main.go:64","msg":"Successfully executed command \"sh -c mkdir -p /workspace/source\"; output "}

Showing logs for build [32mcb-kubecd-environment-pr-190-1-4pdj7-1[0m stage [32mfrom-build-pack[0m and container [32mstep-place-tools[0m

Showing logs for build [32mcb-kubecd-environment-pr-190-1-4pdj7-1[0m stage [32mfrom-build-pack[0m and container [32mstep-git-source-cb-kubecd-environment-pr-190-1-4pdj7-jppp9[0m
{"level":"warn","ts":1585234907.126875,"logger":"fallback-logger","caller":"logging/config.go:69","msg":"Fetch GitHub commit ID from kodata failed: \"ref: refs/heads/0.8.0-**-support-backwards-incompats\" is not a valid GitHub commit ID"}
{"level":"info","ts":1585234908.2097404,"logger":"fallback-logger","caller":"git/git.go:103","msg":"Successfully cloned https://github.com/cb-kubecd/environment-pr-190-1-boot-gke-staging.git @ master in path /workspace/source"}

Showing logs for build [32mcb-kubecd-environment-pr-190-1-4pdj7-1[0m stage [32mfrom-build-pack[0m and container [32mstep-git-merge[0m
Using SHAs from PULL_REFS=master:ef3669f6ede0afb85c8865f799258d2979f8dd7d,3:badcaa581d194d9bcf4f86b25ca441f2b352d7ac
DEBUG: LC_ALL=C JX_LOG_LEVEL=error git fetch origin --unshallow badcaa581d194d9bcf4f86b25ca441f2b352d7ac: ef3669f6ede0afb85c8865f799258d2979f8dd7d:
DEBUG: ran git fetch --unshallow origin badcaa581d194d9bcf4f86b25ca441f2b352d7ac: ef3669f6ede0afb85c8865f799258d2979f8dd7d: in 
DEBUG: LC_ALL=C JX_LOG_LEVEL=error git branch
DEBUG: LC_ALL=C JX_LOG_LEVEL=error git checkout master
DEBUG: ran git checkout master in 
DEBUG: JX_LOG_LEVEL=error LC_ALL=C git reset --hard ef3669f6ede0afb85c8865f799258d2979f8dd7d
DEBUG: ran git reset --hard ef3669f6ede0afb85c8865f799258d2979f8dd7d in 
DEBUG: LC_ALL=C JX_LOG_LEVEL=error git clean -fd .
DEBUG: ran clean --force -d . in 
DEBUG: LC_ALL=C JX_LOG_LEVEL=error git merge badcaa581d194d9bcf4f86b25ca441f2b352d7ac
DEBUG: ran git merge badcaa581d194d9bcf4f86b25ca441f2b352d7ac in 
DEBUG: LC_ALL=C JX_LOG_LEVEL=error git log --format=%H%x1f%an%x1f%ae%x1f%cn%x1f%ce%x1f%s%n%b%x1e ef3669f6ede0afb85c8865f799258d2979f8dd7d..HEAD
Merged SHA badcaa581d194d9bcf4f86b25ca441f2b352d7ac with commit message 'chore: Promote bdd-sbhg-1585233872 to version 0.0.1' into base branch master

Showing logs for build [32mcb-kubecd-environment-pr-190-1-4pdj7-1[0m stage [32mfrom-build-pack[0m and container [32mstep-build-helm-build[0m
WARNING: No $CHART_REPOSITORY defined so using the default value of: http://jenkins-x-chartmuseum:8080
Adding missing Helm repo: storage.googleapis.com https://storage.googleapis.com/chartmuseum.jenkins-x.io
WARNING: No secrets found on "helm/repos" due: reading the secret "helm/repos" from vault: no secret "helm/repos" not found in vault
Read credentials for https://storage.googleapis.com/chartmuseum.jenkins-x.io from vault helm/repos
Successfully added Helm repository storage.googleapis.com.
Adding missing Helm repo: jenkins-x-chartmuseum http://jenkins-x-chartmuseum:8080
WARNING: No secrets found on "helm/repos" due: reading the secret "helm/repos" from vault: no secret "helm/repos" not found in vault
Read credentials for http://jenkins-x-chartmuseum:8080 from vault helm/repos
Successfully added Helm repository jenkins-x-chartmuseum.
WARNING: No $CHART_REPOSITORY defined so using the default value of: http://jenkins-x-chartmuseum:8080
Adding missing Helm repo: chartmuseum.jenkins-x.io http://chartmuseum.jenkins-x.io
WARNING: No secrets found on "helm/repos" due: reading the secret "helm/repos" from vault: no secret "helm/repos" not found in vault
Read credentials for http://chartmuseum.jenkins-x.io from vault helm/repos
Successfully added Helm repository chartmuseum.jenkins-x.io.
